2024-04-08 09:48:18 [main] INFO  b.g.projectweb.ProjectWebApplication - Starting ProjectWebApplication using Java 21.0.2 with PID 11256 (C:\Users\denis\IdeaProjects\projectWebJava\target\classes started by denis in C:\Users\denis\IdeaProjects\projectWebJava)
2024-04-08 09:48:18 [main] INFO  b.g.projectweb.ProjectWebApplication - No active profile set, falling back to 1 default profile: "default"
2024-04-08 09:48:19 [main] INFO  o.s.d.r.c.RepositoryConfigurationDelegate - Bootstrapping Spring Data JPA repositories in DEFAULT mode.
2024-04-08 09:48:19 [main] INFO  o.s.d.r.c.RepositoryConfigurationDelegate - Finished Spring Data repository scanning in 85 ms. Found 3 JPA repository interfaces.
2024-04-08 09:48:20 [main] INFO  o.s.b.w.e.tomcat.TomcatWebServer - Tomcat initialized with port 8080 (http)
2024-04-08 09:48:20 [main] INFO  o.a.coyote.http11.Http11NioProtocol - Initializing ProtocolHandler ["http-nio-8080"]
2024-04-08 09:48:20 [main] INFO  o.a.catalina.core.StandardService - Starting service [Tomcat]
2024-04-08 09:48:20 [main] INFO  o.a.catalina.core.StandardEngine - Starting Servlet engine: [Apache Tomcat/10.1.18]
2024-04-08 09:48:20 [main] INFO  o.a.c.c.C.[Tomcat].[localhost].[/] - Initializing Spring embedded WebApplicationContext
2024-04-08 09:48:20 [main] INFO  o.s.b.w.s.c.ServletWebServerApplicationContext - Root WebApplicationContext: initialization completed in 2237 ms
2024-04-08 09:48:21 [main] INFO  o.h.jpa.internal.util.LogHelper - HHH000204: Processing PersistenceUnitInfo [name: default]
2024-04-08 09:48:21 [main] INFO  org.hibernate.Version - HHH000412: Hibernate ORM core version 6.4.1.Final
2024-04-08 09:48:21 [main] INFO  o.h.c.i.RegionFactoryInitiator - HHH000026: Second-level cache disabled
2024-04-08 09:48:21 [main] INFO  o.s.o.j.p.SpringPersistenceUnitInfo - No LoadTimeWeaver setup: ignoring JPA class transformer
2024-04-08 09:48:21 [main] INFO  com.zaxxer.hikari.HikariDataSource - HikariPool-1 - Starting...
2024-04-08 09:48:21 [main] INFO  com.zaxxer.hikari.pool.HikariPool - HikariPool-1 - Added connection org.postgresql.jdbc.PgConnection@7e81617a
2024-04-08 09:48:21 [main] INFO  com.zaxxer.hikari.HikariDataSource - HikariPool-1 - Start completed.
2024-04-08 09:48:23 [main] INFO  o.h.e.t.j.p.i.JtaPlatformInitiator - HHH000489: No JTA platform available (set 'hibernate.transaction.jta.platform' to enable JTA platform integration)
2024-04-08 09:48:23 [main] INFO  o.s.o.j.LocalContainerEntityManagerFactoryBean - Initialized JPA EntityManagerFactory for persistence unit 'default'
2024-04-08 09:48:23 [main] INFO  o.s.d.j.r.query.QueryEnhancerFactory - Hibernate is in classpath; If applicable, HQL parser will be used.
2024-04-08 09:48:24 [main] WARN  o.s.b.a.o.j.JpaBaseConfiguration$JpaWebConfiguration - spring.jpa.open-in-view is enabled by default. Therefore, database queries may be performed during view rendering. Explicitly configure spring.jpa.open-in-view to disable this warning
2024-04-08 09:48:25 [main] INFO  o.a.coyote.http11.Http11NioProtocol - Starting ProtocolHandler ["http-nio-8080"]
2024-04-08 09:48:25 [main] INFO  o.s.b.w.e.tomcat.TomcatWebServer - Tomcat started on port 8080 (http) with context path ''
2024-04-08 09:48:25 [main] INFO  b.g.projectweb.ProjectWebApplication - Started ProjectWebApplication in 7.518 seconds (process running for 8.801)
2024-04-08 09:48:33 [SpringApplicationShutdownHook] INFO  o.s.o.j.LocalContainerEntityManagerFactoryBean - Closing JPA EntityManagerFactory for persistence unit 'default'
2024-04-08 09:48:33 [SpringApplicationShutdownHook] INFO  com.zaxxer.hikari.HikariDataSource - HikariPool-1 - Shutdown initiated...
2024-04-08 09:48:33 [SpringApplicationShutdownHook] INFO  com.zaxxer.hikari.HikariDataSource - HikariPool-1 - Shutdown completed.
2024-04-08 10:07:55 [main] INFO  b.g.projectweb.ProjectWebApplication - Starting ProjectWebApplication using Java 21.0.2 with PID 9948 (C:\Users\denis\IdeaProjects\projectWebJava\target\classes started by denis in C:\Users\denis\IdeaProjects\projectWebJava)
2024-04-08 10:07:55 [main] INFO  b.g.projectweb.ProjectWebApplication - No active profile set, falling back to 1 default profile: "default"
2024-04-08 10:07:56 [main] INFO  o.s.d.r.c.RepositoryConfigurationDelegate - Bootstrapping Spring Data JPA repositories in DEFAULT mode.
2024-04-08 10:07:56 [main] INFO  o.s.d.r.c.RepositoryConfigurationDelegate - Finished Spring Data repository scanning in 77 ms. Found 3 JPA repository interfaces.
2024-04-08 10:07:57 [main] INFO  o.s.b.w.e.tomcat.TomcatWebServer - Tomcat initialized with port 8080 (http)
2024-04-08 10:07:57 [main] INFO  o.a.coyote.http11.Http11NioProtocol - Initializing ProtocolHandler ["http-nio-8080"]
2024-04-08 10:07:57 [main] INFO  o.a.catalina.core.StandardService - Starting service [Tomcat]
2024-04-08 10:07:57 [main] INFO  o.a.catalina.core.StandardEngine - Starting Servlet engine: [Apache Tomcat/10.1.18]
2024-04-08 10:07:57 [main] INFO  o.a.c.c.C.[Tomcat].[localhost].[/] - Initializing Spring embedded WebApplicationContext
2024-04-08 10:07:57 [main] INFO  o.s.b.w.s.c.ServletWebServerApplicationContext - Root WebApplicationContext: initialization completed in 2159 ms
2024-04-08 10:07:57 [main] INFO  o.h.jpa.internal.util.LogHelper - HHH000204: Processing PersistenceUnitInfo [name: default]
2024-04-08 10:07:57 [main] INFO  org.hibernate.Version - HHH000412: Hibernate ORM core version 6.4.1.Final
2024-04-08 10:07:58 [main] INFO  o.h.c.i.RegionFactoryInitiator - HHH000026: Second-level cache disabled
2024-04-08 10:07:58 [main] INFO  o.s.o.j.p.SpringPersistenceUnitInfo - No LoadTimeWeaver setup: ignoring JPA class transformer
2024-04-08 10:07:58 [main] INFO  com.zaxxer.hikari.HikariDataSource - HikariPool-1 - Starting...
2024-04-08 10:07:58 [main] INFO  com.zaxxer.hikari.pool.HikariPool - HikariPool-1 - Added connection org.postgresql.jdbc.PgConnection@44eb2452
2024-04-08 10:07:58 [main] INFO  com.zaxxer.hikari.HikariDataSource - HikariPool-1 - Start completed.
2024-04-08 10:08:00 [main] INFO  o.h.e.t.j.p.i.JtaPlatformInitiator - HHH000489: No JTA platform available (set 'hibernate.transaction.jta.platform' to enable JTA platform integration)
2024-04-08 10:08:00 [main] INFO  o.s.o.j.LocalContainerEntityManagerFactoryBean - Initialized JPA EntityManagerFactory for persistence unit 'default'
2024-04-08 10:08:00 [main] INFO  o.s.d.j.r.query.QueryEnhancerFactory - Hibernate is in classpath; If applicable, HQL parser will be used.
2024-04-08 10:08:01 [main] WARN  o.s.b.a.o.j.JpaBaseConfiguration$JpaWebConfiguration - spring.jpa.open-in-view is enabled by default. Therefore, database queries may be performed during view rendering. Explicitly configure spring.jpa.open-in-view to disable this warning
2024-04-08 10:08:02 [main] INFO  o.a.coyote.http11.Http11NioProtocol - Starting ProtocolHandler ["http-nio-8080"]
2024-04-08 10:08:02 [main] INFO  o.s.b.w.e.tomcat.TomcatWebServer - Tomcat started on port 8080 (http) with context path ''
2024-04-08 10:08:02 [main] INFO  b.g.projectweb.ProjectWebApplication - Started ProjectWebApplication in 8.024 seconds (process running for 8.954)
2024-04-08 10:08:03 [http-nio-8080-exec-2] INFO  o.a.c.c.C.[Tomcat].[localhost].[/] - Initializing Spring DispatcherServlet 'dispatcherServlet'
2024-04-08 10:08:03 [http-nio-8080-exec-2] INFO  o.s.web.servlet.DispatcherServlet - Initializing Servlet 'dispatcherServlet'
2024-04-08 10:08:03 [http-nio-8080-exec-2] INFO  o.s.web.servlet.DispatcherServlet - Completed initialization in 1 ms
2024-04-08 10:08:03 [http-nio-8080-exec-2] INFO  b.g.p.controller.TextController - start display all text
2024-04-08 10:08:03 [http-nio-8080-exec-2] INFO  b.g.p.controller.TextController - number of access to service is 1
2024-04-08 10:08:04 [http-nio-8080-exec-2] INFO  b.group.projectweb.aop.TextAspect - Method findAllText processed
2024-04-08 10:08:28 [http-nio-8080-exec-3] INFO  b.g.p.controller.TextController - start change a text
2024-04-08 10:08:28 [http-nio-8080-exec-3] INFO  b.group.projectweb.aop.TextAspect - Method changeByText processed
2024-04-08 10:08:28 [http-nio-8080-exec-3] ERROR b.g.p.controller.TextController - text not found
2024-04-08 10:08:30 [http-nio-8080-exec-8] INFO  b.g.p.controller.TextController - start display all text
2024-04-08 10:08:30 [http-nio-8080-exec-8] INFO  b.g.p.controller.TextController - number of access to service is 2
2024-04-08 10:08:30 [http-nio-8080-exec-8] INFO  b.group.projectweb.aop.TextAspect - Method findAllText processed
2024-04-08 10:11:29 [SpringApplicationShutdownHook] INFO  o.s.o.j.LocalContainerEntityManagerFactoryBean - Closing JPA EntityManagerFactory for persistence unit 'default'
2024-04-08 10:11:29 [SpringApplicationShutdownHook] INFO  com.zaxxer.hikari.HikariDataSource - HikariPool-1 - Shutdown initiated...
2024-04-08 10:11:29 [SpringApplicationShutdownHook] INFO  com.zaxxer.hikari.HikariDataSource - HikariPool-1 - Shutdown completed.
2024-04-08 10:24:31 [main] INFO  b.g.projectweb.ProjectWebApplication - Starting ProjectWebApplication using Java 21.0.2 with PID 12848 (C:\Users\denis\IdeaProjects\projectWebJava\target\classes started by denis in C:\Users\denis\IdeaProjects\projectWebJava)
2024-04-08 10:24:31 [main] INFO  b.g.projectweb.ProjectWebApplication - No active profile set, falling back to 1 default profile: "default"
2024-04-08 10:24:32 [main] INFO  o.s.d.r.c.RepositoryConfigurationDelegate - Bootstrapping Spring Data JPA repositories in DEFAULT mode.
2024-04-08 10:24:32 [main] INFO  o.s.d.r.c.RepositoryConfigurationDelegate - Finished Spring Data repository scanning in 74 ms. Found 3 JPA repository interfaces.
2024-04-08 10:24:33 [main] INFO  o.s.b.w.e.tomcat.TomcatWebServer - Tomcat initialized with port 8080 (http)
2024-04-08 10:24:33 [main] INFO  o.a.coyote.http11.Http11NioProtocol - Initializing ProtocolHandler ["http-nio-8080"]
2024-04-08 10:24:33 [main] INFO  o.a.catalina.core.StandardService - Starting service [Tomcat]
2024-04-08 10:24:33 [main] INFO  o.a.catalina.core.StandardEngine - Starting Servlet engine: [Apache Tomcat/10.1.18]
2024-04-08 10:24:33 [main] INFO  o.a.c.c.C.[Tomcat].[localhost].[/] - Initializing Spring embedded WebApplicationContext
2024-04-08 10:24:33 [main] INFO  o.s.b.w.s.c.ServletWebServerApplicationContext - Root WebApplicationContext: initialization completed in 1989 ms
2024-04-08 10:24:33 [main] INFO  o.h.jpa.internal.util.LogHelper - HHH000204: Processing PersistenceUnitInfo [name: default]
2024-04-08 10:24:33 [main] INFO  org.hibernate.Version - HHH000412: Hibernate ORM core version 6.4.1.Final
2024-04-08 10:24:34 [main] INFO  o.h.c.i.RegionFactoryInitiator - HHH000026: Second-level cache disabled
2024-04-08 10:24:34 [main] INFO  o.s.o.j.p.SpringPersistenceUnitInfo - No LoadTimeWeaver setup: ignoring JPA class transformer
2024-04-08 10:24:34 [main] INFO  com.zaxxer.hikari.HikariDataSource - HikariPool-1 - Starting...
2024-04-08 10:24:34 [main] INFO  com.zaxxer.hikari.pool.HikariPool - HikariPool-1 - Added connection org.postgresql.jdbc.PgConnection@5d08976a
2024-04-08 10:24:34 [main] INFO  com.zaxxer.hikari.HikariDataSource - HikariPool-1 - Start completed.
2024-04-08 10:24:35 [main] INFO  o.h.e.t.j.p.i.JtaPlatformInitiator - HHH000489: No JTA platform available (set 'hibernate.transaction.jta.platform' to enable JTA platform integration)
2024-04-08 10:24:35 [main] INFO  o.s.o.j.LocalContainerEntityManagerFactoryBean - Initialized JPA EntityManagerFactory for persistence unit 'default'
2024-04-08 10:24:35 [main] INFO  o.s.d.j.r.query.QueryEnhancerFactory - Hibernate is in classpath; If applicable, HQL parser will be used.
2024-04-08 10:24:36 [main] WARN  o.s.b.a.o.j.JpaBaseConfiguration$JpaWebConfiguration - spring.jpa.open-in-view is enabled by default. Therefore, database queries may be performed during view rendering. Explicitly configure spring.jpa.open-in-view to disable this warning
2024-04-08 10:24:36 [main] INFO  o.a.coyote.http11.Http11NioProtocol - Starting ProtocolHandler ["http-nio-8080"]
2024-04-08 10:24:36 [main] INFO  o.s.b.w.e.tomcat.TomcatWebServer - Tomcat started on port 8080 (http) with context path ''
2024-04-08 10:24:36 [main] INFO  b.g.projectweb.ProjectWebApplication - Started ProjectWebApplication in 5.895 seconds (process running for 6.815)
2024-04-08 10:24:50 [http-nio-8080-exec-1] INFO  o.a.c.c.C.[Tomcat].[localhost].[/] - Initializing Spring DispatcherServlet 'dispatcherServlet'
2024-04-08 10:24:50 [http-nio-8080-exec-1] INFO  o.s.web.servlet.DispatcherServlet - Initializing Servlet 'dispatcherServlet'
2024-04-08 10:24:50 [http-nio-8080-exec-1] INFO  o.s.web.servlet.DispatcherServlet - Completed initialization in 1 ms
2024-04-08 10:24:50 [http-nio-8080-exec-1] INFO  b.g.p.controller.TextController - start display all text
2024-04-08 10:24:50 [http-nio-8080-exec-1] INFO  b.g.p.controller.TextController - number of access to service is 1
2024-04-08 10:24:51 [http-nio-8080-exec-1] INFO  b.group.projectweb.aop.TextAspect - Method findAllText processed
2024-04-08 10:25:10 [http-nio-8080-exec-7] INFO  b.g.p.controller.TextController - start delete text
2024-04-08 10:25:11 [http-nio-8080-exec-7] INFO  b.group.projectweb.aop.TextAspect - Method deleteAuthorInText processed
2024-04-08 10:25:11 [http-nio-8080-exec-7] ERROR b.g.p.controller.TextController - text not found by idAuthor
2024-04-08 10:25:13 [http-nio-8080-exec-10] INFO  b.g.p.controller.TextController - start display all text
2024-04-08 10:25:13 [http-nio-8080-exec-10] INFO  b.g.p.controller.TextController - number of access to service is 2
2024-04-08 10:25:13 [http-nio-8080-exec-10] INFO  b.group.projectweb.aop.TextAspect - Method findAllText processed
2024-04-08 10:29:29 [http-nio-8080-exec-8] INFO  b.g.p.controller.TextController - start display all text
2024-04-08 10:29:29 [http-nio-8080-exec-8] INFO  b.g.p.controller.TextController - number of access to service is 3
2024-04-08 10:29:29 [http-nio-8080-exec-8] INFO  b.group.projectweb.aop.TextAspect - Method findAllText processed
2024-04-08 10:40:45 [http-nio-8080-exec-4] INFO  b.g.p.controller.TextController - start save a text
2024-04-08 10:40:45 [http-nio-8080-exec-4] INFO  b.group.projectweb.aop.TextAspect - Try add text with information hi
2024-04-08 10:40:45 [http-nio-8080-exec-4] INFO  b.group.projectweb.aop.TextAspect - Method saveText processed
2024-04-08 10:40:46 [http-nio-8080-exec-6] INFO  b.g.p.controller.TextController - start display all text
2024-04-08 10:40:46 [http-nio-8080-exec-6] INFO  b.g.p.controller.TextController - number of access to service is 4
2024-04-08 10:40:47 [http-nio-8080-exec-6] INFO  b.group.projectweb.aop.TextAspect - Method findAllText processed
2024-04-08 10:41:09 [http-nio-8080-exec-2] INFO  b.g.p.controller.TextController - start save a text
2024-04-08 10:41:09 [http-nio-8080-exec-2] INFO  b.group.projectweb.aop.TextAspect - Try add text with information hi
2024-04-08 10:41:09 [http-nio-8080-exec-2] INFO  b.group.projectweb.aop.TextAspect - Method saveText processed
2024-04-08 10:41:11 [http-nio-8080-exec-5] INFO  b.g.p.controller.TextController - start display all text
2024-04-08 10:41:11 [http-nio-8080-exec-5] INFO  b.g.p.controller.TextController - number of access to service is 5
2024-04-08 10:41:12 [http-nio-8080-exec-5] INFO  b.group.projectweb.aop.TextAspect - Method findAllText processed
2024-04-08 10:41:20 [http-nio-8080-exec-9] WARN  o.s.w.s.m.s.DefaultHandlerExceptionResolver - Resolved [org.springframework.web.HttpRequestMethodNotSupportedException: Request method 'PUT' is not supported]
2024-04-08 10:42:05 [http-nio-8080-exec-7] INFO  b.g.p.controller.TextController - start find information
2024-04-08 10:42:05 [http-nio-8080-exec-7] INFO  b.group.projectweb.aop.TextAspect - Method findAllText processed
2024-04-08 10:42:05 [http-nio-8080-exec-7] ERROR b.g.p.controller.TextController - information not found
2024-04-08 10:48:56 [http-nio-8080-exec-10] INFO  b.g.p.controller.SalaryController - start delete salary
2024-04-08 10:48:56 [http-nio-8080-exec-10] INFO  b.group.projectweb.aop.SalaryAspect - Method deleteSalaryInAuthor processed
2024-04-08 10:48:56 [http-nio-8080-exec-10] ERROR b.g.p.controller.SalaryController - salary not found by id
2024-04-08 10:54:27 [http-nio-8080-exec-7] INFO  b.g.p.controller.TextController - start save a text
2024-04-08 10:54:27 [http-nio-8080-exec-7] INFO  b.group.projectweb.aop.TextAspect - Try add text with information obezyana
2024-04-08 10:54:27 [http-nio-8080-exec-7] INFO  b.group.projectweb.aop.TextAspect - Method saveText processed
2024-04-08 10:54:30 [http-nio-8080-exec-1] INFO  b.g.p.controller.TextController - start display all text
2024-04-08 10:54:30 [http-nio-8080-exec-1] INFO  b.g.p.controller.TextController - number of access to service is 6
2024-04-08 10:54:31 [http-nio-8080-exec-1] INFO  b.group.projectweb.aop.TextAspect - Method findAllText processed
2024-04-08 10:55:08 [http-nio-8080-exec-5] INFO  o.s.api.AbstractOpenApiResource - Init duration for springdoc-openapi is: 221 ms
2024-04-08 10:55:15 [SpringApplicationShutdownHook] INFO  o.s.o.j.LocalContainerEntityManagerFactoryBean - Closing JPA EntityManagerFactory for persistence unit 'default'
2024-04-08 10:55:15 [SpringApplicationShutdownHook] INFO  com.zaxxer.hikari.HikariDataSource - HikariPool-1 - Shutdown initiated...
2024-04-08 10:55:15 [SpringApplicationShutdownHook] INFO  com.zaxxer.hikari.HikariDataSource - HikariPool-1 - Shutdown completed.
2024-04-08 10:55:21 [main] INFO  b.g.projectweb.ProjectWebApplication - Starting ProjectWebApplication using Java 21.0.2 with PID 19880 (C:\Users\denis\IdeaProjects\projectWebJava\target\classes started by denis in C:\Users\denis\IdeaProjects\projectWebJava)
2024-04-08 10:55:21 [main] INFO  b.g.projectweb.ProjectWebApplication - No active profile set, falling back to 1 default profile: "default"
2024-04-08 10:55:22 [main] INFO  o.s.d.r.c.RepositoryConfigurationDelegate - Bootstrapping Spring Data JPA repositories in DEFAULT mode.
2024-04-08 10:55:22 [main] INFO  o.s.d.r.c.RepositoryConfigurationDelegate - Finished Spring Data repository scanning in 78 ms. Found 3 JPA repository interfaces.
2024-04-08 10:55:23 [main] INFO  o.s.b.w.e.tomcat.TomcatWebServer - Tomcat initialized with port 8080 (http)
2024-04-08 10:55:23 [main] INFO  o.a.coyote.http11.Http11NioProtocol - Initializing ProtocolHandler ["http-nio-8080"]
2024-04-08 10:55:23 [main] INFO  o.a.catalina.core.StandardService - Starting service [Tomcat]
2024-04-08 10:55:23 [main] INFO  o.a.catalina.core.StandardEngine - Starting Servlet engine: [Apache Tomcat/10.1.18]
2024-04-08 10:55:23 [main] INFO  o.a.c.c.C.[Tomcat].[localhost].[/] - Initializing Spring embedded WebApplicationContext
2024-04-08 10:55:23 [main] INFO  o.s.b.w.s.c.ServletWebServerApplicationContext - Root WebApplicationContext: initialization completed in 2176 ms
2024-04-08 10:55:23 [main] INFO  o.h.jpa.internal.util.LogHelper - HHH000204: Processing PersistenceUnitInfo [name: default]
2024-04-08 10:55:23 [main] INFO  org.hibernate.Version - HHH000412: Hibernate ORM core version 6.4.1.Final
2024-04-08 10:55:23 [main] INFO  o.h.c.i.RegionFactoryInitiator - HHH000026: Second-level cache disabled
2024-04-08 10:55:24 [main] INFO  o.s.o.j.p.SpringPersistenceUnitInfo - No LoadTimeWeaver setup: ignoring JPA class transformer
2024-04-08 10:55:24 [main] INFO  com.zaxxer.hikari.HikariDataSource - HikariPool-1 - Starting...
2024-04-08 10:55:24 [main] INFO  com.zaxxer.hikari.pool.HikariPool - HikariPool-1 - Added connection org.postgresql.jdbc.PgConnection@31940704
2024-04-08 10:55:24 [main] INFO  com.zaxxer.hikari.HikariDataSource - HikariPool-1 - Start completed.
2024-04-08 10:55:25 [main] INFO  o.h.e.t.j.p.i.JtaPlatformInitiator - HHH000489: No JTA platform available (set 'hibernate.transaction.jta.platform' to enable JTA platform integration)
2024-04-08 10:55:25 [main] INFO  o.s.o.j.LocalContainerEntityManagerFactoryBean - Initialized JPA EntityManagerFactory for persistence unit 'default'
2024-04-08 10:55:26 [main] INFO  o.s.d.j.r.query.QueryEnhancerFactory - Hibernate is in classpath; If applicable, HQL parser will be used.
2024-04-08 10:55:27 [main] WARN  o.s.b.a.o.j.JpaBaseConfiguration$JpaWebConfiguration - spring.jpa.open-in-view is enabled by default. Therefore, database queries may be performed during view rendering. Explicitly configure spring.jpa.open-in-view to disable this warning
2024-04-08 10:55:28 [main] INFO  o.a.coyote.http11.Http11NioProtocol - Starting ProtocolHandler ["http-nio-8080"]
2024-04-08 10:55:28 [main] INFO  o.s.b.w.e.tomcat.TomcatWebServer - Tomcat started on port 8080 (http) with context path ''
2024-04-08 10:55:28 [main] INFO  b.g.projectweb.ProjectWebApplication - Started ProjectWebApplication in 7.865 seconds (process running for 8.914)
2024-04-08 10:55:29 [http-nio-8080-exec-1] INFO  o.a.c.c.C.[Tomcat].[localhost].[/] - Initializing Spring DispatcherServlet 'dispatcherServlet'
2024-04-08 10:55:29 [http-nio-8080-exec-1] INFO  o.s.web.servlet.DispatcherServlet - Initializing Servlet 'dispatcherServlet'
2024-04-08 10:55:29 [http-nio-8080-exec-1] INFO  o.s.web.servlet.DispatcherServlet - Completed initialization in 2 ms
2024-04-08 10:55:29 [http-nio-8080-exec-5] INFO  o.s.api.AbstractOpenApiResource - Init duration for springdoc-openapi is: 151 ms
2024-04-08 10:56:15 [http-nio-8080-exec-5] INFO  b.g.p.controller.TextController - start display all text
2024-04-08 10:56:15 [http-nio-8080-exec-5] INFO  b.g.p.controller.TextController - number of access to service is 1
2024-04-08 10:56:16 [http-nio-8080-exec-5] INFO  b.group.projectweb.aop.TextAspect - Method findAllText processed
2024-04-08 10:57:33 [SpringApplicationShutdownHook] INFO  o.s.o.j.LocalContainerEntityManagerFactoryBean - Closing JPA EntityManagerFactory for persistence unit 'default'
2024-04-08 10:57:33 [SpringApplicationShutdownHook] INFO  com.zaxxer.hikari.HikariDataSource - HikariPool-1 - Shutdown initiated...
2024-04-08 10:57:33 [SpringApplicationShutdownHook] INFO  com.zaxxer.hikari.HikariDataSource - HikariPool-1 - Shutdown completed.
2024-04-08 10:57:41 [main] INFO  b.g.projectweb.ProjectWebApplication - Starting ProjectWebApplication using Java 21.0.2 with PID 12616 (C:\Users\denis\IdeaProjects\projectWebJava\target\classes started by denis in C:\Users\denis\IdeaProjects\projectWebJava)
2024-04-08 10:57:41 [main] INFO  b.g.projectweb.ProjectWebApplication - No active profile set, falling back to 1 default profile: "default"
2024-04-08 10:57:42 [main] INFO  o.s.d.r.c.RepositoryConfigurationDelegate - Bootstrapping Spring Data JPA repositories in DEFAULT mode.
2024-04-08 10:57:42 [main] INFO  o.s.d.r.c.RepositoryConfigurationDelegate - Finished Spring Data repository scanning in 68 ms. Found 3 JPA repository interfaces.
2024-04-08 10:57:43 [main] INFO  o.s.b.w.e.tomcat.TomcatWebServer - Tomcat initialized with port 8080 (http)
2024-04-08 10:57:43 [main] INFO  o.a.coyote.http11.Http11NioProtocol - Initializing ProtocolHandler ["http-nio-8080"]
2024-04-08 10:57:43 [main] INFO  o.a.catalina.core.StandardService - Starting service [Tomcat]
2024-04-08 10:57:43 [main] INFO  o.a.catalina.core.StandardEngine - Starting Servlet engine: [Apache Tomcat/10.1.18]
2024-04-08 10:57:43 [main] INFO  o.a.c.c.C.[Tomcat].[localhost].[/] - Initializing Spring embedded WebApplicationContext
2024-04-08 10:57:43 [main] INFO  o.s.b.w.s.c.ServletWebServerApplicationContext - Root WebApplicationContext: initialization completed in 1956 ms
2024-04-08 10:57:44 [main] INFO  o.h.jpa.internal.util.LogHelper - HHH000204: Processing PersistenceUnitInfo [name: default]
2024-04-08 10:57:44 [main] INFO  org.hibernate.Version - HHH000412: Hibernate ORM core version 6.4.1.Final
2024-04-08 10:57:44 [main] INFO  o.h.c.i.RegionFactoryInitiator - HHH000026: Second-level cache disabled
2024-04-08 10:57:44 [main] INFO  o.s.o.j.p.SpringPersistenceUnitInfo - No LoadTimeWeaver setup: ignoring JPA class transformer
2024-04-08 10:57:44 [main] INFO  com.zaxxer.hikari.HikariDataSource - HikariPool-1 - Starting...
2024-04-08 10:57:44 [main] INFO  com.zaxxer.hikari.pool.HikariPool - HikariPool-1 - Added connection org.postgresql.jdbc.PgConnection@49c83262
2024-04-08 10:57:44 [main] INFO  com.zaxxer.hikari.HikariDataSource - HikariPool-1 - Start completed.
2024-04-08 10:57:45 [main] INFO  o.h.e.t.j.p.i.JtaPlatformInitiator - HHH000489: No JTA platform available (set 'hibernate.transaction.jta.platform' to enable JTA platform integration)
2024-04-08 10:57:45 [main] INFO  o.s.o.j.LocalContainerEntityManagerFactoryBean - Initialized JPA EntityManagerFactory for persistence unit 'default'
2024-04-08 10:57:46 [main] INFO  o.s.d.j.r.query.QueryEnhancerFactory - Hibernate is in classpath; If applicable, HQL parser will be used.
2024-04-08 10:57:47 [main] WARN  o.s.b.a.o.j.JpaBaseConfiguration$JpaWebConfiguration - spring.jpa.open-in-view is enabled by default. Therefore, database queries may be performed during view rendering. Explicitly configure spring.jpa.open-in-view to disable this warning
2024-04-08 10:57:47 [main] INFO  o.a.coyote.http11.Http11NioProtocol - Starting ProtocolHandler ["http-nio-8080"]
2024-04-08 10:57:47 [main] INFO  o.s.b.w.e.tomcat.TomcatWebServer - Tomcat started on port 8080 (http) with context path ''
2024-04-08 10:57:47 [main] INFO  b.g.projectweb.ProjectWebApplication - Started ProjectWebApplication in 6.66 seconds (process running for 7.561)
2024-04-08 10:58:01 [http-nio-8080-exec-1] INFO  o.a.c.c.C.[Tomcat].[localhost].[/] - Initializing Spring DispatcherServlet 'dispatcherServlet'
2024-04-08 10:58:01 [http-nio-8080-exec-1] INFO  o.s.web.servlet.DispatcherServlet - Initializing Servlet 'dispatcherServlet'
2024-04-08 10:58:01 [http-nio-8080-exec-1] INFO  o.s.web.servlet.DispatcherServlet - Completed initialization in 2 ms
2024-04-08 10:58:02 [http-nio-8080-exec-1] INFO  o.s.api.AbstractOpenApiResource - Init duration for springdoc-openapi is: 205 ms
2024-04-08 10:58:45 [SpringApplicationShutdownHook] INFO  o.s.o.j.LocalContainerEntityManagerFactoryBean - Closing JPA EntityManagerFactory for persistence unit 'default'
2024-04-08 10:58:45 [SpringApplicationShutdownHook] INFO  com.zaxxer.hikari.HikariDataSource - HikariPool-1 - Shutdown initiated...
2024-04-08 10:58:45 [SpringApplicationShutdownHook] INFO  com.zaxxer.hikari.HikariDataSource - HikariPool-1 - Shutdown completed.
2024-04-08 10:58:54 [main] INFO  b.g.projectweb.ProjectWebApplication - Starting ProjectWebApplication using Java 21.0.2 with PID 3616 (C:\Users\denis\IdeaProjects\projectWebJava\target\classes started by denis in C:\Users\denis\IdeaProjects\projectWebJava)
2024-04-08 10:58:54 [main] INFO  b.g.projectweb.ProjectWebApplication - No active profile set, falling back to 1 default profile: "default"
2024-04-08 10:58:55 [main] INFO  o.s.d.r.c.RepositoryConfigurationDelegate - Bootstrapping Spring Data JPA repositories in DEFAULT mode.
2024-04-08 10:58:55 [main] INFO  o.s.d.r.c.RepositoryConfigurationDelegate - Finished Spring Data repository scanning in 54 ms. Found 3 JPA repository interfaces.
2024-04-08 10:58:56 [main] INFO  o.s.b.w.e.tomcat.TomcatWebServer - Tomcat initialized with port 8080 (http)
2024-04-08 10:58:56 [main] INFO  o.a.coyote.http11.Http11NioProtocol - Initializing ProtocolHandler ["http-nio-8080"]
2024-04-08 10:58:56 [main] INFO  o.a.catalina.core.StandardService - Starting service [Tomcat]
2024-04-08 10:58:56 [main] INFO  o.a.catalina.core.StandardEngine - Starting Servlet engine: [Apache Tomcat/10.1.18]
2024-04-08 10:58:56 [main] INFO  o.a.c.c.C.[Tomcat].[localhost].[/] - Initializing Spring embedded WebApplicationContext
2024-04-08 10:58:56 [main] INFO  o.s.b.w.s.c.ServletWebServerApplicationContext - Root WebApplicationContext: initialization completed in 1501 ms
2024-04-08 10:58:56 [main] INFO  o.h.jpa.internal.util.LogHelper - HHH000204: Processing PersistenceUnitInfo [name: default]
2024-04-08 10:58:56 [main] INFO  org.hibernate.Version - HHH000412: Hibernate ORM core version 6.4.1.Final
2024-04-08 10:58:56 [main] INFO  o.h.c.i.RegionFactoryInitiator - HHH000026: Second-level cache disabled
2024-04-08 10:58:56 [main] INFO  o.s.o.j.p.SpringPersistenceUnitInfo - No LoadTimeWeaver setup: ignoring JPA class transformer
2024-04-08 10:58:56 [main] INFO  com.zaxxer.hikari.HikariDataSource - HikariPool-1 - Starting...
2024-04-08 10:58:56 [main] INFO  com.zaxxer.hikari.pool.HikariPool - HikariPool-1 - Added connection org.postgresql.jdbc.PgConnection@7adae08e
2024-04-08 10:58:56 [main] INFO  com.zaxxer.hikari.HikariDataSource - HikariPool-1 - Start completed.
2024-04-08 10:58:57 [main] INFO  o.h.e.t.j.p.i.JtaPlatformInitiator - HHH000489: No JTA platform available (set 'hibernate.transaction.jta.platform' to enable JTA platform integration)
2024-04-08 10:58:57 [main] INFO  o.s.o.j.LocalContainerEntityManagerFactoryBean - Initialized JPA EntityManagerFactory for persistence unit 'default'
2024-04-08 10:58:58 [main] INFO  o.s.d.j.r.query.QueryEnhancerFactory - Hibernate is in classpath; If applicable, HQL parser will be used.
2024-04-08 10:58:58 [main] WARN  o.s.b.a.o.j.JpaBaseConfiguration$JpaWebConfiguration - spring.jpa.open-in-view is enabled by default. Therefore, database queries may be performed during view rendering. Explicitly configure spring.jpa.open-in-view to disable this warning
2024-04-08 10:58:59 [main] INFO  o.a.coyote.http11.Http11NioProtocol - Starting ProtocolHandler ["http-nio-8080"]
2024-04-08 10:58:59 [main] INFO  o.s.b.w.e.tomcat.TomcatWebServer - Tomcat started on port 8080 (http) with context path ''
2024-04-08 10:58:59 [main] INFO  b.g.projectweb.ProjectWebApplication - Started ProjectWebApplication in 5.17 seconds (process running for 5.895)
2024-04-08 10:59:05 [http-nio-8080-exec-1] INFO  o.a.c.c.C.[Tomcat].[localhost].[/] - Initializing Spring DispatcherServlet 'dispatcherServlet'
2024-04-08 10:59:05 [http-nio-8080-exec-1] INFO  o.s.web.servlet.DispatcherServlet - Initializing Servlet 'dispatcherServlet'
2024-04-08 10:59:05 [http-nio-8080-exec-1] INFO  o.s.web.servlet.DispatcherServlet - Completed initialization in 2 ms
2024-04-08 10:59:06 [http-nio-8080-exec-6] INFO  o.s.api.AbstractOpenApiResource - Init duration for springdoc-openapi is: 520 ms
2024-04-08 10:59:58 [http-nio-8080-exec-7] INFO  b.g.p.controller.TextController - start display all text
2024-04-08 10:59:58 [http-nio-8080-exec-7] INFO  b.g.p.controller.TextController - number of access to service is 1
2024-04-08 10:59:59 [http-nio-8080-exec-7] INFO  b.group.projectweb.aop.TextAspect - Method findAllText processed
2024-04-08 11:09:06 [SpringApplicationShutdownHook] INFO  o.s.o.j.LocalContainerEntityManagerFactoryBean - Closing JPA EntityManagerFactory for persistence unit 'default'
2024-04-08 11:09:06 [SpringApplicationShutdownHook] INFO  com.zaxxer.hikari.HikariDataSource - HikariPool-1 - Shutdown initiated...
2024-04-08 11:09:06 [SpringApplicationShutdownHook] INFO  com.zaxxer.hikari.HikariDataSource - HikariPool-1 - Shutdown completed.
2024-04-08 11:09:15 [main] INFO  b.g.projectweb.ProjectWebApplication - Starting ProjectWebApplication using Java 21.0.2 with PID 18440 (C:\Users\denis\IdeaProjects\projectWebJava\target\classes started by denis in C:\Users\denis\IdeaProjects\projectWebJava)
2024-04-08 11:09:15 [main] INFO  b.g.projectweb.ProjectWebApplication - No active profile set, falling back to 1 default profile: "default"
2024-04-08 11:09:16 [main] INFO  o.s.d.r.c.RepositoryConfigurationDelegate - Bootstrapping Spring Data JPA repositories in DEFAULT mode.
2024-04-08 11:09:16 [main] INFO  o.s.d.r.c.RepositoryConfigurationDelegate - Finished Spring Data repository scanning in 60 ms. Found 3 JPA repository interfaces.
2024-04-08 11:09:17 [main] INFO  o.s.b.w.e.tomcat.TomcatWebServer - Tomcat initialized with port 8080 (http)
2024-04-08 11:09:17 [main] INFO  o.a.coyote.http11.Http11NioProtocol - Initializing ProtocolHandler ["http-nio-8080"]
2024-04-08 11:09:17 [main] INFO  o.a.catalina.core.StandardService - Starting service [Tomcat]
2024-04-08 11:09:17 [main] INFO  o.a.catalina.core.StandardEngine - Starting Servlet engine: [Apache Tomcat/10.1.18]
2024-04-08 11:09:17 [main] INFO  o.a.c.c.C.[Tomcat].[localhost].[/] - Initializing Spring embedded WebApplicationContext
2024-04-08 11:09:17 [main] INFO  o.s.b.w.s.c.ServletWebServerApplicationContext - Root WebApplicationContext: initialization completed in 1719 ms
2024-04-08 11:09:17 [main] INFO  o.h.jpa.internal.util.LogHelper - HHH000204: Processing PersistenceUnitInfo [name: default]
2024-04-08 11:09:17 [main] INFO  org.hibernate.Version - HHH000412: Hibernate ORM core version 6.4.1.Final
2024-04-08 11:09:17 [main] INFO  o.h.c.i.RegionFactoryInitiator - HHH000026: Second-level cache disabled
2024-04-08 11:09:17 [main] INFO  o.s.o.j.p.SpringPersistenceUnitInfo - No LoadTimeWeaver setup: ignoring JPA class transformer
2024-04-08 11:09:17 [main] INFO  com.zaxxer.hikari.HikariDataSource - HikariPool-1 - Starting...
2024-04-08 11:09:18 [main] INFO  com.zaxxer.hikari.pool.HikariPool - HikariPool-1 - Added connection org.postgresql.jdbc.PgConnection@44eb2452
2024-04-08 11:09:18 [main] INFO  com.zaxxer.hikari.HikariDataSource - HikariPool-1 - Start completed.
2024-04-08 11:09:19 [main] INFO  o.h.e.t.j.p.i.JtaPlatformInitiator - HHH000489: No JTA platform available (set 'hibernate.transaction.jta.platform' to enable JTA platform integration)
2024-04-08 11:09:19 [main] INFO  o.s.o.j.LocalContainerEntityManagerFactoryBean - Initialized JPA EntityManagerFactory for persistence unit 'default'
2024-04-08 11:09:19 [main] INFO  o.s.d.j.r.query.QueryEnhancerFactory - Hibernate is in classpath; If applicable, HQL parser will be used.
2024-04-08 11:09:20 [main] WARN  o.s.b.a.o.j.JpaBaseConfiguration$JpaWebConfiguration - spring.jpa.open-in-view is enabled by default. Therefore, database queries may be performed during view rendering. Explicitly configure spring.jpa.open-in-view to disable this warning
2024-04-08 11:09:20 [main] INFO  o.a.coyote.http11.Http11NioProtocol - Starting ProtocolHandler ["http-nio-8080"]
2024-04-08 11:09:20 [main] INFO  o.s.b.w.e.tomcat.TomcatWebServer - Tomcat started on port 8080 (http) with context path ''
2024-04-08 11:09:20 [main] INFO  b.g.projectweb.ProjectWebApplication - Started ProjectWebApplication in 5.582 seconds (process running for 6.531)
2024-04-08 11:09:26 [http-nio-8080-exec-3] INFO  o.a.c.c.C.[Tomcat].[localhost].[/] - Initializing Spring DispatcherServlet 'dispatcherServlet'
2024-04-08 11:09:26 [http-nio-8080-exec-3] INFO  o.s.web.servlet.DispatcherServlet - Initializing Servlet 'dispatcherServlet'
2024-04-08 11:09:26 [http-nio-8080-exec-3] INFO  o.s.web.servlet.DispatcherServlet - Completed initialization in 1 ms
2024-04-08 11:09:26 [http-nio-8080-exec-3] INFO  b.g.p.controller.SalaryController - start delete salary
2024-04-08 11:09:26 [http-nio-8080-exec-3] INFO  b.group.projectweb.aop.SalaryAspect - Method deleteSalaryInAuthor processed
2024-04-08 11:09:26 [http-nio-8080-exec-3] ERROR b.g.p.controller.SalaryController - bad request
2024-04-08 11:09:43 [SpringApplicationShutdownHook] INFO  o.s.o.j.LocalContainerEntityManagerFactoryBean - Closing JPA EntityManagerFactory for persistence unit 'default'
2024-04-08 11:09:43 [SpringApplicationShutdownHook] INFO  com.zaxxer.hikari.HikariDataSource - HikariPool-1 - Shutdown initiated...
2024-04-08 11:09:43 [SpringApplicationShutdownHook] INFO  com.zaxxer.hikari.HikariDataSource - HikariPool-1 - Shutdown completed.
2024-04-08 11:09:51 [main] INFO  b.g.projectweb.ProjectWebApplication - Starting ProjectWebApplication using Java 21.0.2 with PID 11080 (C:\Users\denis\IdeaProjects\projectWebJava\target\classes started by denis in C:\Users\denis\IdeaProjects\projectWebJava)
2024-04-08 11:09:51 [main] INFO  b.g.projectweb.ProjectWebApplication - No active profile set, falling back to 1 default profile: "default"
2024-04-08 11:09:52 [main] INFO  o.s.d.r.c.RepositoryConfigurationDelegate - Bootstrapping Spring Data JPA repositories in DEFAULT mode.
2024-04-08 11:09:52 [main] INFO  o.s.d.r.c.RepositoryConfigurationDelegate - Finished Spring Data repository scanning in 52 ms. Found 3 JPA repository interfaces.
2024-04-08 11:09:53 [main] INFO  o.s.b.w.e.tomcat.TomcatWebServer - Tomcat initialized with port 8080 (http)
2024-04-08 11:09:53 [main] INFO  o.a.coyote.http11.Http11NioProtocol - Initializing ProtocolHandler ["http-nio-8080"]
2024-04-08 11:09:53 [main] INFO  o.a.catalina.core.StandardService - Starting service [Tomcat]
2024-04-08 11:09:53 [main] INFO  o.a.catalina.core.StandardEngine - Starting Servlet engine: [Apache Tomcat/10.1.18]
2024-04-08 11:09:53 [main] INFO  o.a.c.c.C.[Tomcat].[localhost].[/] - Initializing Spring embedded WebApplicationContext
2024-04-08 11:09:53 [main] INFO  o.s.b.w.s.c.ServletWebServerApplicationContext - Root WebApplicationContext: initialization completed in 1481 ms
2024-04-08 11:09:53 [main] INFO  o.h.jpa.internal.util.LogHelper - HHH000204: Processing PersistenceUnitInfo [name: default]
2024-04-08 11:09:53 [main] INFO  org.hibernate.Version - HHH000412: Hibernate ORM core version 6.4.1.Final
2024-04-08 11:09:53 [main] INFO  o.h.c.i.RegionFactoryInitiator - HHH000026: Second-level cache disabled
2024-04-08 11:09:53 [main] INFO  o.s.o.j.p.SpringPersistenceUnitInfo - No LoadTimeWeaver setup: ignoring JPA class transformer
2024-04-08 11:09:53 [main] INFO  com.zaxxer.hikari.HikariDataSource - HikariPool-1 - Starting...
2024-04-08 11:09:53 [main] INFO  com.zaxxer.hikari.pool.HikariPool - HikariPool-1 - Added connection org.postgresql.jdbc.PgConnection@7e81617a
2024-04-08 11:09:53 [main] INFO  com.zaxxer.hikari.HikariDataSource - HikariPool-1 - Start completed.
2024-04-08 11:09:54 [main] INFO  o.h.e.t.j.p.i.JtaPlatformInitiator - HHH000489: No JTA platform available (set 'hibernate.transaction.jta.platform' to enable JTA platform integration)
2024-04-08 11:09:54 [main] INFO  o.s.o.j.LocalContainerEntityManagerFactoryBean - Initialized JPA EntityManagerFactory for persistence unit 'default'
2024-04-08 11:09:55 [main] INFO  o.s.d.j.r.query.QueryEnhancerFactory - Hibernate is in classpath; If applicable, HQL parser will be used.
2024-04-08 11:09:55 [main] WARN  o.s.b.a.o.j.JpaBaseConfiguration$JpaWebConfiguration - spring.jpa.open-in-view is enabled by default. Therefore, database queries may be performed during view rendering. Explicitly configure spring.jpa.open-in-view to disable this warning
2024-04-08 11:09:56 [main] INFO  o.a.coyote.http11.Http11NioProtocol - Starting ProtocolHandler ["http-nio-8080"]
2024-04-08 11:09:56 [main] INFO  o.s.b.w.e.tomcat.TomcatWebServer - Tomcat started on port 8080 (http) with context path ''
2024-04-08 11:09:56 [main] INFO  b.g.projectweb.ProjectWebApplication - Started ProjectWebApplication in 5.194 seconds (process running for 6.073)
2024-04-08 11:11:08 [SpringApplicationShutdownHook] INFO  o.s.o.j.LocalContainerEntityManagerFactoryBean - Closing JPA EntityManagerFactory for persistence unit 'default'
2024-04-08 11:11:08 [SpringApplicationShutdownHook] INFO  com.zaxxer.hikari.HikariDataSource - HikariPool-1 - Shutdown initiated...
2024-04-08 11:11:08 [SpringApplicationShutdownHook] INFO  com.zaxxer.hikari.HikariDataSource - HikariPool-1 - Shutdown completed.
2024-04-08 11:11:16 [main] INFO  b.g.projectweb.ProjectWebApplication - Starting ProjectWebApplication using Java 21.0.2 with PID 5692 (C:\Users\denis\IdeaProjects\projectWebJava\target\classes started by denis in C:\Users\denis\IdeaProjects\projectWebJava)
2024-04-08 11:11:16 [main] INFO  b.g.projectweb.ProjectWebApplication - No active profile set, falling back to 1 default profile: "default"
2024-04-08 11:11:17 [main] INFO  o.s.d.r.c.RepositoryConfigurationDelegate - Bootstrapping Spring Data JPA repositories in DEFAULT mode.
2024-04-08 11:11:17 [main] INFO  o.s.d.r.c.RepositoryConfigurationDelegate - Finished Spring Data repository scanning in 59 ms. Found 3 JPA repository interfaces.
2024-04-08 11:11:18 [main] INFO  o.s.b.w.e.tomcat.TomcatWebServer - Tomcat initialized with port 8080 (http)
2024-04-08 11:11:18 [main] INFO  o.a.coyote.http11.Http11NioProtocol - Initializing ProtocolHandler ["http-nio-8080"]
2024-04-08 11:11:18 [main] INFO  o.a.catalina.core.StandardService - Starting service [Tomcat]
2024-04-08 11:11:18 [main] INFO  o.a.catalina.core.StandardEngine - Starting Servlet engine: [Apache Tomcat/10.1.18]
2024-04-08 11:11:18 [main] INFO  o.a.c.c.C.[Tomcat].[localhost].[/] - Initializing Spring embedded WebApplicationContext
2024-04-08 11:11:18 [main] INFO  o.s.b.w.s.c.ServletWebServerApplicationContext - Root WebApplicationContext: initialization completed in 1655 ms
2024-04-08 11:11:18 [main] INFO  o.h.jpa.internal.util.LogHelper - HHH000204: Processing PersistenceUnitInfo [name: default]
2024-04-08 11:11:18 [main] INFO  org.hibernate.Version - HHH000412: Hibernate ORM core version 6.4.1.Final
2024-04-08 11:11:18 [main] INFO  o.h.c.i.RegionFactoryInitiator - HHH000026: Second-level cache disabled
2024-04-08 11:11:19 [main] INFO  o.s.o.j.p.SpringPersistenceUnitInfo - No LoadTimeWeaver setup: ignoring JPA class transformer
2024-04-08 11:11:19 [main] INFO  com.zaxxer.hikari.HikariDataSource - HikariPool-1 - Starting...
2024-04-08 11:11:19 [main] INFO  com.zaxxer.hikari.pool.HikariPool - HikariPool-1 - Added connection org.postgresql.jdbc.PgConnection@31940704
2024-04-08 11:11:19 [main] INFO  com.zaxxer.hikari.HikariDataSource - HikariPool-1 - Start completed.
2024-04-08 11:11:20 [main] INFO  o.h.e.t.j.p.i.JtaPlatformInitiator - HHH000489: No JTA platform available (set 'hibernate.transaction.jta.platform' to enable JTA platform integration)
2024-04-08 11:11:20 [main] INFO  o.s.o.j.LocalContainerEntityManagerFactoryBean - Initialized JPA EntityManagerFactory for persistence unit 'default'
2024-04-08 11:11:20 [main] INFO  o.s.d.j.r.query.QueryEnhancerFactory - Hibernate is in classpath; If applicable, HQL parser will be used.
2024-04-08 11:11:21 [main] WARN  o.s.b.a.o.j.JpaBaseConfiguration$JpaWebConfiguration - spring.jpa.open-in-view is enabled by default. Therefore, database queries may be performed during view rendering. Explicitly configure spring.jpa.open-in-view to disable this warning
2024-04-08 11:11:21 [main] INFO  o.a.coyote.http11.Http11NioProtocol - Starting ProtocolHandler ["http-nio-8080"]
2024-04-08 11:11:21 [main] INFO  o.s.b.w.e.tomcat.TomcatWebServer - Tomcat started on port 8080 (http) with context path ''
2024-04-08 11:11:21 [main] INFO  b.g.projectweb.ProjectWebApplication - Started ProjectWebApplication in 5.785 seconds (process running for 6.78)
2024-04-08 11:11:44 [http-nio-8080-exec-3] INFO  o.a.c.c.C.[Tomcat].[localhost].[/] - Initializing Spring DispatcherServlet 'dispatcherServlet'
2024-04-08 11:11:44 [http-nio-8080-exec-3] INFO  o.s.web.servlet.DispatcherServlet - Initializing Servlet 'dispatcherServlet'
2024-04-08 11:11:44 [http-nio-8080-exec-3] INFO  o.s.web.servlet.DispatcherServlet - Completed initialization in 1 ms
2024-04-08 11:11:44 [http-nio-8080-exec-3] INFO  b.g.p.controller.SalaryController - start save a salary
2024-04-08 11:11:44 [http-nio-8080-exec-3] INFO  b.g.p.controller.SalaryController - number of access to service is 1
2024-04-08 11:11:44 [http-nio-8080-exec-3] INFO  b.group.projectweb.aop.SalaryAspect - Try add salary with price null
2024-04-08 11:11:44 [http-nio-8080-exec-3] INFO  b.group.projectweb.aop.SalaryAspect - Method saveSalary processed
2024-04-08 11:11:44 [http-nio-8080-exec-3] ERROR b.g.p.controller.SalaryController - salary is yet save
2024-04-08 11:16:15 [http-nio-8080-exec-4] INFO  b.g.p.controller.TextController - start find information
2024-04-08 11:16:16 [http-nio-8080-exec-4] INFO  b.group.projectweb.aop.TextAspect - Method findAllText processed
2024-04-08 11:16:16 [http-nio-8080-exec-4] ERROR b.g.p.controller.TextController - information not found
2024-04-08 11:16:19 [http-nio-8080-exec-7] INFO  b.g.p.controller.SalaryController - start save a salary
2024-04-08 11:16:19 [http-nio-8080-exec-7] INFO  b.g.p.controller.SalaryController - number of access to service is 2
2024-04-08 11:16:19 [http-nio-8080-exec-7] INFO  b.group.projectweb.aop.SalaryAspect - Try add salary with price null
2024-04-08 11:16:19 [http-nio-8080-exec-7] INFO  b.group.projectweb.aop.SalaryAspect - Method saveSalary processed
2024-04-08 11:16:19 [http-nio-8080-exec-7] ERROR b.g.p.controller.SalaryController - salary is yet save
2024-04-08 11:30:50 [SpringApplicationShutdownHook] INFO  o.s.o.j.LocalContainerEntityManagerFactoryBean - Closing JPA EntityManagerFactory for persistence unit 'default'
2024-04-08 11:30:50 [SpringApplicationShutdownHook] INFO  com.zaxxer.hikari.HikariDataSource - HikariPool-1 - Shutdown initiated...
2024-04-08 11:30:50 [SpringApplicationShutdownHook] INFO  com.zaxxer.hikari.HikariDataSource - HikariPool-1 - Shutdown completed.
2024-04-08 11:30:59 [main] INFO  b.g.projectweb.ProjectWebApplication - Starting ProjectWebApplication using Java 21.0.2 with PID 9612 (C:\Users\denis\IdeaProjects\projectWebJava\target\classes started by denis in C:\Users\denis\IdeaProjects\projectWebJava)
2024-04-08 11:30:59 [main] INFO  b.g.projectweb.ProjectWebApplication - No active profile set, falling back to 1 default profile: "default"
2024-04-08 11:31:00 [main] INFO  o.s.d.r.c.RepositoryConfigurationDelegate - Bootstrapping Spring Data JPA repositories in DEFAULT mode.
2024-04-08 11:31:00 [main] INFO  o.s.d.r.c.RepositoryConfigurationDelegate - Finished Spring Data repository scanning in 60 ms. Found 3 JPA repository interfaces.
2024-04-08 11:31:01 [main] INFO  o.s.b.w.e.tomcat.TomcatWebServer - Tomcat initialized with port 8080 (http)
2024-04-08 11:31:01 [main] INFO  o.a.coyote.http11.Http11NioProtocol - Initializing ProtocolHandler ["http-nio-8080"]
2024-04-08 11:31:01 [main] INFO  o.a.catalina.core.StandardService - Starting service [Tomcat]
2024-04-08 11:31:01 [main] INFO  o.a.catalina.core.StandardEngine - Starting Servlet engine: [Apache Tomcat/10.1.18]
2024-04-08 11:31:01 [main] INFO  o.a.c.c.C.[Tomcat].[localhost].[/] - Initializing Spring embedded WebApplicationContext
2024-04-08 11:31:01 [main] INFO  o.s.b.w.s.c.ServletWebServerApplicationContext - Root WebApplicationContext: initialization completed in 1609 ms
2024-04-08 11:31:01 [main] INFO  o.h.jpa.internal.util.LogHelper - HHH000204: Processing PersistenceUnitInfo [name: default]
2024-04-08 11:31:01 [main] INFO  org.hibernate.Version - HHH000412: Hibernate ORM core version 6.4.1.Final
2024-04-08 11:31:01 [main] INFO  o.h.c.i.RegionFactoryInitiator - HHH000026: Second-level cache disabled
2024-04-08 11:31:01 [main] INFO  o.s.o.j.p.SpringPersistenceUnitInfo - No LoadTimeWeaver setup: ignoring JPA class transformer
2024-04-08 11:31:01 [main] INFO  com.zaxxer.hikari.HikariDataSource - HikariPool-1 - Starting...
2024-04-08 11:31:01 [main] INFO  com.zaxxer.hikari.pool.HikariPool - HikariPool-1 - Added connection org.postgresql.jdbc.PgConnection@31940704
2024-04-08 11:31:01 [main] INFO  com.zaxxer.hikari.HikariDataSource - HikariPool-1 - Start completed.
2024-04-08 11:31:02 [main] INFO  o.h.e.t.j.p.i.JtaPlatformInitiator - HHH000489: No JTA platform available (set 'hibernate.transaction.jta.platform' to enable JTA platform integration)
2024-04-08 11:31:02 [main] INFO  o.s.o.j.LocalContainerEntityManagerFactoryBean - Initialized JPA EntityManagerFactory for persistence unit 'default'
2024-04-08 11:31:03 [main] INFO  o.s.d.j.r.query.QueryEnhancerFactory - Hibernate is in classpath; If applicable, HQL parser will be used.
2024-04-08 11:31:03 [main] WARN  o.s.b.a.o.j.JpaBaseConfiguration$JpaWebConfiguration - spring.jpa.open-in-view is enabled by default. Therefore, database queries may be performed during view rendering. Explicitly configure spring.jpa.open-in-view to disable this warning
2024-04-08 11:31:04 [main] INFO  o.a.coyote.http11.Http11NioProtocol - Starting ProtocolHandler ["http-nio-8080"]
2024-04-08 11:31:04 [main] INFO  o.s.b.w.e.tomcat.TomcatWebServer - Tomcat started on port 8080 (http) with context path ''
2024-04-08 11:31:04 [main] INFO  b.g.projectweb.ProjectWebApplication - Started ProjectWebApplication in 5.276 seconds (process running for 6.187)
2024-04-08 11:31:11 [http-nio-8080-exec-1] INFO  o.a.c.c.C.[Tomcat].[localhost].[/] - Initializing Spring DispatcherServlet 'dispatcherServlet'
2024-04-08 11:31:11 [http-nio-8080-exec-1] INFO  o.s.web.servlet.DispatcherServlet - Initializing Servlet 'dispatcherServlet'
2024-04-08 11:31:11 [http-nio-8080-exec-1] INFO  o.s.web.servlet.DispatcherServlet - Completed initialization in 3 ms
2024-04-08 11:31:11 [http-nio-8080-exec-1] INFO  b.g.p.controller.TextController - start find information
2024-04-08 11:31:11 [http-nio-8080-exec-1] INFO  b.group.projectweb.aop.TextAspect - Method findAllText processed
2024-04-08 11:31:11 [http-nio-8080-exec-1] ERROR b.g.p.controller.TextController - information not found
2024-04-08 11:33:12 [SpringApplicationShutdownHook] INFO  o.s.o.j.LocalContainerEntityManagerFactoryBean - Closing JPA EntityManagerFactory for persistence unit 'default'
2024-04-08 11:33:12 [SpringApplicationShutdownHook] INFO  com.zaxxer.hikari.HikariDataSource - HikariPool-1 - Shutdown initiated...
2024-04-08 11:33:12 [SpringApplicationShutdownHook] INFO  com.zaxxer.hikari.HikariDataSource - HikariPool-1 - Shutdown completed.
2024-04-08 11:33:21 [main] INFO  b.g.projectweb.ProjectWebApplication - Starting ProjectWebApplication using Java 21.0.2 with PID 15244 (C:\Users\denis\IdeaProjects\projectWebJava\target\classes started by denis in C:\Users\denis\IdeaProjects\projectWebJava)
2024-04-08 11:33:21 [main] INFO  b.g.projectweb.ProjectWebApplication - No active profile set, falling back to 1 default profile: "default"
2024-04-08 11:33:22 [main] INFO  o.s.d.r.c.RepositoryConfigurationDelegate - Bootstrapping Spring Data JPA repositories in DEFAULT mode.
2024-04-08 11:33:22 [main] INFO  o.s.d.r.c.RepositoryConfigurationDelegate - Finished Spring Data repository scanning in 58 ms. Found 3 JPA repository interfaces.
2024-04-08 11:33:22 [main] INFO  o.s.b.w.e.tomcat.TomcatWebServer - Tomcat initialized with port 8080 (http)
2024-04-08 11:33:22 [main] INFO  o.a.coyote.http11.Http11NioProtocol - Initializing ProtocolHandler ["http-nio-8080"]
2024-04-08 11:33:22 [main] INFO  o.a.catalina.core.StandardService - Starting service [Tomcat]
2024-04-08 11:33:22 [main] INFO  o.a.catalina.core.StandardEngine - Starting Servlet engine: [Apache Tomcat/10.1.18]
2024-04-08 11:33:22 [main] INFO  o.a.c.c.C.[Tomcat].[localhost].[/] - Initializing Spring embedded WebApplicationContext
2024-04-08 11:33:22 [main] INFO  o.s.b.w.s.c.ServletWebServerApplicationContext - Root WebApplicationContext: initialization completed in 1593 ms
2024-04-08 11:33:23 [main] INFO  o.h.jpa.internal.util.LogHelper - HHH000204: Processing PersistenceUnitInfo [name: default]
2024-04-08 11:33:23 [main] INFO  org.hibernate.Version - HHH000412: Hibernate ORM core version 6.4.1.Final
2024-04-08 11:33:23 [main] INFO  o.h.c.i.RegionFactoryInitiator - HHH000026: Second-level cache disabled
2024-04-08 11:33:23 [main] INFO  o.s.o.j.p.SpringPersistenceUnitInfo - No LoadTimeWeaver setup: ignoring JPA class transformer
2024-04-08 11:33:23 [main] INFO  com.zaxxer.hikari.HikariDataSource - HikariPool-1 - Starting...
2024-04-08 11:33:23 [main] INFO  com.zaxxer.hikari.pool.HikariPool - HikariPool-1 - Added connection org.postgresql.jdbc.PgConnection@5c839677
2024-04-08 11:33:23 [main] INFO  com.zaxxer.hikari.HikariDataSource - HikariPool-1 - Start completed.
2024-04-08 11:33:24 [main] INFO  o.h.e.t.j.p.i.JtaPlatformInitiator - HHH000489: No JTA platform available (set 'hibernate.transaction.jta.platform' to enable JTA platform integration)
2024-04-08 11:33:24 [main] INFO  o.s.o.j.LocalContainerEntityManagerFactoryBean - Initialized JPA EntityManagerFactory for persistence unit 'default'
2024-04-08 11:33:24 [main] INFO  o.s.d.j.r.query.QueryEnhancerFactory - Hibernate is in classpath; If applicable, HQL parser will be used.
2024-04-08 11:33:25 [main] WARN  o.s.b.a.o.j.JpaBaseConfiguration$JpaWebConfiguration - spring.jpa.open-in-view is enabled by default. Therefore, database queries may be performed during view rendering. Explicitly configure spring.jpa.open-in-view to disable this warning
2024-04-08 11:33:26 [main] INFO  o.a.coyote.http11.Http11NioProtocol - Starting ProtocolHandler ["http-nio-8080"]
2024-04-08 11:33:26 [main] INFO  o.s.b.w.e.tomcat.TomcatWebServer - Tomcat started on port 8080 (http) with context path ''
2024-04-08 11:33:26 [main] INFO  b.g.projectweb.ProjectWebApplication - Started ProjectWebApplication in 5.349 seconds (process running for 6.249)
2024-04-08 11:33:28 [http-nio-8080-exec-1] INFO  o.a.c.c.C.[Tomcat].[localhost].[/] - Initializing Spring DispatcherServlet 'dispatcherServlet'
2024-04-08 11:33:28 [http-nio-8080-exec-1] INFO  o.s.web.servlet.DispatcherServlet - Initializing Servlet 'dispatcherServlet'
2024-04-08 11:33:28 [http-nio-8080-exec-1] INFO  o.s.web.servlet.DispatcherServlet - Completed initialization in 1 ms
2024-04-08 11:33:29 [http-nio-8080-exec-1] INFO  b.g.p.controller.SalaryController - start save a salary
2024-04-08 11:33:29 [http-nio-8080-exec-1] INFO  b.g.p.controller.SalaryController - number of access to service is 1
2024-04-08 11:33:29 [http-nio-8080-exec-1] INFO  b.group.projectweb.aop.SalaryAspect - Try add salary with price null
2024-04-08 11:33:29 [http-nio-8080-exec-1] INFO  b.group.projectweb.aop.SalaryAspect - Method saveSalary processed
2024-04-08 11:34:07 [SpringApplicationShutdownHook] INFO  o.s.o.j.LocalContainerEntityManagerFactoryBean - Closing JPA EntityManagerFactory for persistence unit 'default'
2024-04-08 11:34:07 [SpringApplicationShutdownHook] INFO  com.zaxxer.hikari.HikariDataSource - HikariPool-1 - Shutdown initiated...
2024-04-08 11:34:07 [SpringApplicationShutdownHook] INFO  com.zaxxer.hikari.HikariDataSource - HikariPool-1 - Shutdown completed.
2024-04-08 11:34:16 [main] INFO  b.g.projectweb.ProjectWebApplication - Starting ProjectWebApplication using Java 21.0.2 with PID 2816 (C:\Users\denis\IdeaProjects\projectWebJava\target\classes started by denis in C:\Users\denis\IdeaProjects\projectWebJava)
2024-04-08 11:34:16 [main] INFO  b.g.projectweb.ProjectWebApplication - No active profile set, falling back to 1 default profile: "default"
2024-04-08 11:34:17 [main] INFO  o.s.d.r.c.RepositoryConfigurationDelegate - Bootstrapping Spring Data JPA repositories in DEFAULT mode.
2024-04-08 11:34:17 [main] INFO  o.s.d.r.c.RepositoryConfigurationDelegate - Finished Spring Data repository scanning in 56 ms. Found 3 JPA repository interfaces.
2024-04-08 11:34:17 [main] INFO  o.s.b.w.e.tomcat.TomcatWebServer - Tomcat initialized with port 8080 (http)
2024-04-08 11:34:17 [main] INFO  o.a.coyote.http11.Http11NioProtocol - Initializing ProtocolHandler ["http-nio-8080"]
2024-04-08 11:34:17 [main] INFO  o.a.catalina.core.StandardService - Starting service [Tomcat]
2024-04-08 11:34:17 [main] INFO  o.a.catalina.core.StandardEngine - Starting Servlet engine: [Apache Tomcat/10.1.18]
2024-04-08 11:34:18 [main] INFO  o.a.c.c.C.[Tomcat].[localhost].[/] - Initializing Spring embedded WebApplicationContext
2024-04-08 11:34:18 [main] INFO  o.s.b.w.s.c.ServletWebServerApplicationContext - Root WebApplicationContext: initialization completed in 1629 ms
2024-04-08 11:34:18 [main] INFO  o.h.jpa.internal.util.LogHelper - HHH000204: Processing PersistenceUnitInfo [name: default]
2024-04-08 11:34:18 [main] INFO  org.hibernate.Version - HHH000412: Hibernate ORM core version 6.4.1.Final
2024-04-08 11:34:18 [main] INFO  o.h.c.i.RegionFactoryInitiator - HHH000026: Second-level cache disabled
2024-04-08 11:34:18 [main] INFO  o.s.o.j.p.SpringPersistenceUnitInfo - No LoadTimeWeaver setup: ignoring JPA class transformer
2024-04-08 11:34:18 [main] INFO  com.zaxxer.hikari.HikariDataSource - HikariPool-1 - Starting...
2024-04-08 11:34:18 [main] INFO  com.zaxxer.hikari.pool.HikariPool - HikariPool-1 - Added connection org.postgresql.jdbc.PgConnection@20864cd1
2024-04-08 11:34:18 [main] INFO  com.zaxxer.hikari.HikariDataSource - HikariPool-1 - Start completed.
2024-04-08 11:34:19 [main] INFO  o.h.e.t.j.p.i.JtaPlatformInitiator - HHH000489: No JTA platform available (set 'hibernate.transaction.jta.platform' to enable JTA platform integration)
2024-04-08 11:34:20 [main] INFO  o.s.o.j.LocalContainerEntityManagerFactoryBean - Initialized JPA EntityManagerFactory for persistence unit 'default'
2024-04-08 11:34:20 [main] INFO  o.s.d.j.r.query.QueryEnhancerFactory - Hibernate is in classpath; If applicable, HQL parser will be used.
2024-04-08 11:34:21 [main] WARN  o.s.b.a.o.j.JpaBaseConfiguration$JpaWebConfiguration - spring.jpa.open-in-view is enabled by default. Therefore, database queries may be performed during view rendering. Explicitly configure spring.jpa.open-in-view to disable this warning
2024-04-08 11:34:21 [main] INFO  o.a.coyote.http11.Http11NioProtocol - Starting ProtocolHandler ["http-nio-8080"]
2024-04-08 11:34:21 [main] INFO  o.s.b.w.e.tomcat.TomcatWebServer - Tomcat started on port 8080 (http) with context path ''
2024-04-08 11:34:21 [main] INFO  b.g.projectweb.ProjectWebApplication - Started ProjectWebApplication in 5.798 seconds (process running for 6.668)
2024-04-08 11:34:23 [http-nio-8080-exec-2] INFO  o.a.c.c.C.[Tomcat].[localhost].[/] - Initializing Spring DispatcherServlet 'dispatcherServlet'
2024-04-08 11:34:23 [http-nio-8080-exec-2] INFO  o.s.web.servlet.DispatcherServlet - Initializing Servlet 'dispatcherServlet'
2024-04-08 11:34:23 [http-nio-8080-exec-2] INFO  o.s.web.servlet.DispatcherServlet - Completed initialization in 2 ms
2024-04-08 11:34:23 [http-nio-8080-exec-2] INFO  b.g.p.controller.SalaryController - start save a salary
2024-04-08 11:34:23 [http-nio-8080-exec-2] INFO  b.g.p.controller.SalaryController - number of access to service is 1
2024-04-08 11:34:23 [http-nio-8080-exec-2] INFO  b.group.projectweb.aop.SalaryAspect - Try add salary with price null
2024-04-08 11:34:23 [http-nio-8080-exec-2] INFO  b.group.projectweb.aop.SalaryAspect - Method saveSalary processed
2024-04-08 11:35:46 [http-nio-8080-exec-4] INFO  b.g.p.controller.SalaryController - start save a salary
2024-04-08 11:35:46 [http-nio-8080-exec-4] INFO  b.g.p.controller.SalaryController - number of access to service is 2
2024-04-08 11:35:46 [http-nio-8080-exec-4] INFO  b.group.projectweb.aop.SalaryAspect - Try add salary with price null
2024-04-08 11:35:46 [http-nio-8080-exec-4] INFO  b.group.projectweb.aop.SalaryAspect - Method saveSalary processed
2024-04-08 11:46:40 [http-nio-8080-exec-5] INFO  b.g.p.controller.TextController - start find information
2024-04-08 11:46:40 [http-nio-8080-exec-5] INFO  b.group.projectweb.aop.TextAspect - Method findAllText processed
2024-04-08 11:46:40 [http-nio-8080-exec-5] ERROR b.g.p.controller.TextController - information not found
2024-04-08 11:46:47 [http-nio-8080-exec-8] INFO  b.g.p.controller.SalaryController - start save a salary
2024-04-08 11:46:47 [http-nio-8080-exec-8] INFO  b.g.p.controller.SalaryController - number of access to service is 3
2024-04-08 11:46:47 [http-nio-8080-exec-8] INFO  b.group.projectweb.aop.SalaryAspect - Try add salary with price null
2024-04-08 11:46:47 [http-nio-8080-exec-8] INFO  b.group.projectweb.aop.SalaryAspect - Method saveSalary processed
2024-04-08 11:52:39 [http-nio-8080-exec-9] INFO  b.g.p.controller.TextController - start find information
2024-04-08 11:52:39 [http-nio-8080-exec-9] INFO  b.group.projectweb.aop.TextAspect - Method findAllText processed
2024-04-08 11:52:39 [http-nio-8080-exec-9] ERROR b.g.p.controller.TextController - information not found
2024-04-08 11:57:35 [HikariPool-1 housekeeper] WARN  com.zaxxer.hikari.pool.HikariPool - HikariPool-1 - Thread starvation or clock leap detected (housekeeper delta=3m46s723ms672s).
2024-04-08 11:58:52 [HikariPool-1 housekeeper] WARN  com.zaxxer.hikari.pool.HikariPool - HikariPool-1 - Thread starvation or clock leap detected (housekeeper delta=1m16s775ms202s300ns).
2024-04-08 11:59:58 [SpringApplicationShutdownHook] INFO  o.s.o.j.LocalContainerEntityManagerFactoryBean - Closing JPA EntityManagerFactory for persistence unit 'default'
2024-04-08 11:59:58 [SpringApplicationShutdownHook] INFO  com.zaxxer.hikari.HikariDataSource - HikariPool-1 - Shutdown initiated...
2024-04-08 11:59:58 [SpringApplicationShutdownHook] INFO  com.zaxxer.hikari.HikariDataSource - HikariPool-1 - Shutdown completed.
2024-04-08 12:00:08 [main] INFO  b.g.projectweb.ProjectWebApplication - Starting ProjectWebApplication using Java 21.0.2 with PID 2964 (C:\Users\denis\IdeaProjects\projectWebJava\target\classes started by denis in C:\Users\denis\IdeaProjects\projectWebJava)
2024-04-08 12:00:08 [main] INFO  b.g.projectweb.ProjectWebApplication - No active profile set, falling back to 1 default profile: "default"
2024-04-08 12:00:09 [main] INFO  o.s.d.r.c.RepositoryConfigurationDelegate - Bootstrapping Spring Data JPA repositories in DEFAULT mode.
2024-04-08 12:00:09 [main] INFO  o.s.d.r.c.RepositoryConfigurationDelegate - Finished Spring Data repository scanning in 58 ms. Found 3 JPA repository interfaces.
2024-04-08 12:00:10 [main] INFO  o.s.b.w.e.tomcat.TomcatWebServer - Tomcat initialized with port 8080 (http)
2024-04-08 12:00:10 [main] INFO  o.a.coyote.http11.Http11NioProtocol - Initializing ProtocolHandler ["http-nio-8080"]
2024-04-08 12:00:10 [main] INFO  o.a.catalina.core.StandardService - Starting service [Tomcat]
2024-04-08 12:00:10 [main] INFO  o.a.catalina.core.StandardEngine - Starting Servlet engine: [Apache Tomcat/10.1.18]
2024-04-08 12:00:10 [main] INFO  o.a.c.c.C.[Tomcat].[localhost].[/] - Initializing Spring embedded WebApplicationContext
2024-04-08 12:00:10 [main] INFO  o.s.b.w.s.c.ServletWebServerApplicationContext - Root WebApplicationContext: initialization completed in 1681 ms
2024-04-08 12:00:10 [main] INFO  o.h.jpa.internal.util.LogHelper - HHH000204: Processing PersistenceUnitInfo [name: default]
2024-04-08 12:00:10 [main] INFO  org.hibernate.Version - HHH000412: Hibernate ORM core version 6.4.1.Final
2024-04-08 12:00:11 [main] INFO  o.h.c.i.RegionFactoryInitiator - HHH000026: Second-level cache disabled
2024-04-08 12:00:11 [main] INFO  o.s.o.j.p.SpringPersistenceUnitInfo - No LoadTimeWeaver setup: ignoring JPA class transformer
2024-04-08 12:00:11 [main] INFO  com.zaxxer.hikari.HikariDataSource - HikariPool-1 - Starting...
2024-04-08 12:00:11 [main] INFO  com.zaxxer.hikari.pool.HikariPool - HikariPool-1 - Added connection org.postgresql.jdbc.PgConnection@3e28dc96
2024-04-08 12:00:11 [main] INFO  com.zaxxer.hikari.HikariDataSource - HikariPool-1 - Start completed.
2024-04-08 12:00:12 [main] INFO  o.h.e.t.j.p.i.JtaPlatformInitiator - HHH000489: No JTA platform available (set 'hibernate.transaction.jta.platform' to enable JTA platform integration)
2024-04-08 12:00:12 [main] INFO  o.s.o.j.LocalContainerEntityManagerFactoryBean - Initialized JPA EntityManagerFactory for persistence unit 'default'
2024-04-08 12:00:13 [main] INFO  o.s.d.j.r.query.QueryEnhancerFactory - Hibernate is in classpath; If applicable, HQL parser will be used.
2024-04-08 12:00:13 [main] WARN  o.s.b.a.o.j.JpaBaseConfiguration$JpaWebConfiguration - spring.jpa.open-in-view is enabled by default. Therefore, database queries may be performed during view rendering. Explicitly configure spring.jpa.open-in-view to disable this warning
2024-04-08 12:00:14 [main] INFO  o.a.coyote.http11.Http11NioProtocol - Starting ProtocolHandler ["http-nio-8080"]
2024-04-08 12:00:14 [main] INFO  o.s.b.w.e.tomcat.TomcatWebServer - Tomcat started on port 8080 (http) with context path ''
2024-04-08 12:00:14 [main] INFO  b.g.projectweb.ProjectWebApplication - Started ProjectWebApplication in 5.834 seconds (process running for 6.622)
2024-04-08 12:03:48 [SpringApplicationShutdownHook] INFO  o.s.o.j.LocalContainerEntityManagerFactoryBean - Closing JPA EntityManagerFactory for persistence unit 'default'
2024-04-08 12:03:48 [SpringApplicationShutdownHook] INFO  com.zaxxer.hikari.HikariDataSource - HikariPool-1 - Shutdown initiated...
2024-04-08 12:03:48 [SpringApplicationShutdownHook] INFO  com.zaxxer.hikari.HikariDataSource - HikariPool-1 - Shutdown completed.
2024-04-08 12:03:54 [main] INFO  b.g.projectweb.ProjectWebApplication - Starting ProjectWebApplication using Java 21.0.2 with PID 7892 (C:\Users\denis\IdeaProjects\projectWebJava\target\classes started by denis in C:\Users\denis\IdeaProjects\projectWebJava)
2024-04-08 12:03:54 [main] INFO  b.g.projectweb.ProjectWebApplication - No active profile set, falling back to 1 default profile: "default"
2024-04-08 12:03:55 [main] INFO  o.s.d.r.c.RepositoryConfigurationDelegate - Bootstrapping Spring Data JPA repositories in DEFAULT mode.
2024-04-08 12:03:55 [main] INFO  o.s.d.r.c.RepositoryConfigurationDelegate - Finished Spring Data repository scanning in 74 ms. Found 3 JPA repository interfaces.
2024-04-08 12:03:55 [main] INFO  o.s.b.w.e.tomcat.TomcatWebServer - Tomcat initialized with port 8080 (http)
2024-04-08 12:03:55 [main] INFO  o.a.coyote.http11.Http11NioProtocol - Initializing ProtocolHandler ["http-nio-8080"]
2024-04-08 12:03:55 [main] INFO  o.a.catalina.core.StandardService - Starting service [Tomcat]
2024-04-08 12:03:55 [main] INFO  o.a.catalina.core.StandardEngine - Starting Servlet engine: [Apache Tomcat/10.1.18]
2024-04-08 12:03:56 [main] INFO  o.a.c.c.C.[Tomcat].[localhost].[/] - Initializing Spring embedded WebApplicationContext
2024-04-08 12:03:56 [main] INFO  o.s.b.w.s.c.ServletWebServerApplicationContext - Root WebApplicationContext: initialization completed in 1945 ms
2024-04-08 12:03:56 [main] INFO  o.h.jpa.internal.util.LogHelper - HHH000204: Processing PersistenceUnitInfo [name: default]
2024-04-08 12:03:56 [main] INFO  org.hibernate.Version - HHH000412: Hibernate ORM core version 6.4.1.Final
2024-04-08 12:03:56 [main] INFO  o.h.c.i.RegionFactoryInitiator - HHH000026: Second-level cache disabled
2024-04-08 12:03:56 [main] INFO  o.s.o.j.p.SpringPersistenceUnitInfo - No LoadTimeWeaver setup: ignoring JPA class transformer
2024-04-08 12:03:56 [main] INFO  com.zaxxer.hikari.HikariDataSource - HikariPool-1 - Starting...
2024-04-08 12:03:56 [main] INFO  com.zaxxer.hikari.pool.HikariPool - HikariPool-1 - Added connection org.postgresql.jdbc.PgConnection@7e81617a
2024-04-08 12:03:56 [main] INFO  com.zaxxer.hikari.HikariDataSource - HikariPool-1 - Start completed.
2024-04-08 12:03:57 [main] INFO  o.h.e.t.j.p.i.JtaPlatformInitiator - HHH000489: No JTA platform available (set 'hibernate.transaction.jta.platform' to enable JTA platform integration)
2024-04-08 12:03:57 [main] INFO  o.s.o.j.LocalContainerEntityManagerFactoryBean - Initialized JPA EntityManagerFactory for persistence unit 'default'
2024-04-08 12:03:58 [main] INFO  o.s.d.j.r.query.QueryEnhancerFactory - Hibernate is in classpath; If applicable, HQL parser will be used.
2024-04-08 12:03:58 [main] WARN  o.s.b.a.o.j.JpaBaseConfiguration$JpaWebConfiguration - spring.jpa.open-in-view is enabled by default. Therefore, database queries may be performed during view rendering. Explicitly configure spring.jpa.open-in-view to disable this warning
2024-04-08 12:03:59 [main] INFO  o.a.coyote.http11.Http11NioProtocol - Starting ProtocolHandler ["http-nio-8080"]
2024-04-08 12:03:59 [main] INFO  o.s.b.w.e.tomcat.TomcatWebServer - Tomcat started on port 8080 (http) with context path ''
2024-04-08 12:03:59 [main] INFO  b.g.projectweb.ProjectWebApplication - Started ProjectWebApplication in 5.916 seconds (process running for 6.777)
2024-04-08 12:04:18 [http-nio-8080-exec-1] INFO  o.a.c.c.C.[Tomcat].[localhost].[/] - Initializing Spring DispatcherServlet 'dispatcherServlet'
2024-04-08 12:04:18 [http-nio-8080-exec-1] INFO  o.s.web.servlet.DispatcherServlet - Initializing Servlet 'dispatcherServlet'
2024-04-08 12:04:18 [http-nio-8080-exec-1] INFO  o.s.web.servlet.DispatcherServlet - Completed initialization in 2 ms
2024-04-08 12:04:18 [http-nio-8080-exec-1] INFO  b.g.p.controller.TextController - start display all text
2024-04-08 12:04:18 [http-nio-8080-exec-1] INFO  b.g.p.controller.TextController - number of access to service is 1
2024-04-08 12:04:19 [http-nio-8080-exec-1] INFO  b.group.projectweb.aop.TextAspect - Method findAllText processed
2024-04-08 12:04:24 [http-nio-8080-exec-2] INFO  b.g.p.controller.TextController - start display all text
2024-04-08 12:04:24 [http-nio-8080-exec-2] INFO  b.g.p.controller.TextController - number of access to service is 2
2024-04-08 12:04:24 [http-nio-8080-exec-2] INFO  b.group.projectweb.aop.TextAspect - Method findAllText processed
2024-04-08 12:30:35 [HikariPool-1 housekeeper] WARN  com.zaxxer.hikari.pool.HikariPool - HikariPool-1 - Thread starvation or clock leap detected (housekeeper delta=26m8s295ms313s).
2024-04-08 12:30:56 [SpringApplicationShutdownHook] INFO  o.s.o.j.LocalContainerEntityManagerFactoryBean - Closing JPA EntityManagerFactory for persistence unit 'default'
2024-04-08 12:30:56 [SpringApplicationShutdownHook] INFO  com.zaxxer.hikari.HikariDataSource - HikariPool-1 - Shutdown initiated...
2024-04-08 12:30:56 [SpringApplicationShutdownHook] INFO  com.zaxxer.hikari.HikariDataSource - HikariPool-1 - Shutdown completed.
